Get:1 http://security.ubuntu.com/ubuntu noble-security InRelease [126 kB]
Get:2 http://archive.ubuntu.com/ubuntu noble InRelease [256 kB]
Get:3 http://security.ubuntu.com/ubuntu noble-security/main amd64 Packages [1410 kB]
Get:4 http://archive.ubuntu.com/ubuntu noble-updates InRelease [126 kB]
Get:5 http://archive.ubuntu.com/ubuntu noble-backports InRelease [126 kB]
Get:6 http://archive.ubuntu.com/ubuntu noble/main amd64 Packages [1401 kB]
Get:7 http://security.ubuntu.com/ubuntu noble-security/main Translation-en [229 kB]
Get:8 http://security.ubuntu.com/ubuntu noble-security/main amd64 Components [21.5 kB]
Get:9 http://security.ubuntu.com/ubuntu noble-security/main amd64 c-n-f Metadata [9820 B]
Get:10 http://security.ubuntu.com/ubuntu noble-security/universe amd64 Packages [924 kB]
Get:11 http://security.ubuntu.com/ubuntu noble-security/universe Translation-en [209 kB]
Get:12 http://security.ubuntu.com/ubuntu noble-security/universe amd64 Components [74.3 kB]
Get:13 http://security.ubuntu.com/ubuntu noble-security/universe amd64 c-n-f Metadata [19.7 kB]
Get:14 http://security.ubuntu.com/ubuntu noble-security/restricted amd64 Packages [2302 kB]
Get:15 http://archive.ubuntu.com/ubuntu noble/main Translation-en [513 kB]
Get:16 http://archive.ubuntu.com/ubuntu noble/main amd64 Components [464 kB]
Get:17 http://archive.ubuntu.com/ubuntu noble/main amd64 c-n-f Metadata [30.5 kB]
Get:18 http://archive.ubuntu.com/ubuntu noble/universe amd64 Packages [15.0 MB]
Get:19 http://security.ubuntu.com/ubuntu noble-security/restricted Translation-en [527 kB]
Get:20 http://security.ubuntu.com/ubuntu noble-security/restricted amd64 Components [212 B]
Get:21 http://security.ubuntu.com/ubuntu noble-security/restricted amd64 c-n-f Metadata [500 B]
Get:22 http://security.ubuntu.com/ubuntu noble-security/multiverse amd64 Packages [28.0 kB]
Get:23 http://security.ubuntu.com/ubuntu noble-security/multiverse Translation-en [6472 B]
Get:24 http://security.ubuntu.com/ubuntu noble-security/multiverse amd64 Components [212 B]
Get:25 http://security.ubuntu.com/ubuntu noble-security/multiverse amd64 c-n-f Metadata [384 B]
Get:26 http://archive.ubuntu.com/ubuntu noble/universe Translation-en [5982 kB]
Get:27 http://archive.ubuntu.com/ubuntu noble/universe amd64 Components [3871 kB]
Get:28 http://archive.ubuntu.com/ubuntu noble/universe amd64 c-n-f Metadata [301 kB]
Get:29 http://archive.ubuntu.com/ubuntu noble/restricted amd64 Packages [93.9 kB]
Get:30 http://archive.ubuntu.com/ubuntu noble/restricted Translation-en [18.7 kB]
Get:31 http://archive.ubuntu.com/ubuntu noble/restricted amd64 c-n-f Metadata [416 B]
Get:32 http://archive.ubuntu.com/ubuntu noble/multiverse amd64 Packages [269 kB]
Get:33 http://archive.ubuntu.com/ubuntu noble/multiverse Translation-en [118 kB]
Get:34 http://archive.ubuntu.com/ubuntu noble/multiverse amd64 Components [35.0 kB]
Get:35 http://archive.ubuntu.com/ubuntu noble/multiverse amd64 c-n-f Metadata [8328 B]
Get:36 http://archive.ubuntu.com/ubuntu noble-updates/main amd64 Packages [1700 kB]
Get:37 http://archive.ubuntu.com/ubuntu noble-updates/main Translation-en [314 kB]
Get:38 http://archive.ubuntu.com/ubuntu noble-updates/main amd64 Components [175 kB]
Get:39 http://archive.ubuntu.com/ubuntu noble-updates/main amd64 c-n-f Metadata [16.0 kB]
Get:40 http://archive.ubuntu.com/ubuntu noble-updates/universe amd64 Packages [1519 kB]
Get:41 http://archive.ubuntu.com/ubuntu noble-updates/universe Translation-en [310 kB]
Get:42 http://archive.ubuntu.com/ubuntu noble-updates/universe amd64 Components [386 kB]
Get:43 http://archive.ubuntu.com/ubuntu noble-updates/universe amd64 c-n-f Metadata [31.6 kB]
Get:44 http://archive.ubuntu.com/ubuntu noble-updates/restricted amd64 Packages [2506 kB]
Get:45 http://archive.ubuntu.com/ubuntu noble-updates/restricted Translation-en [573 kB]
Get:46 http://archive.ubuntu.com/ubuntu noble-updates/restricted amd64 Components [212 B]
Get:47 http://archive.ubuntu.com/ubuntu noble-updates/restricted amd64 c-n-f Metadata [556 B]
Get:48 http://archive.ubuntu.com/ubuntu noble-updates/multiverse amd64 Packages [31.8 kB]
Get:49 http://archive.ubuntu.com/ubuntu noble-updates/multiverse Translation-en [6348 B]
Get:50 http://archive.ubuntu.com/ubuntu noble-updates/multiverse amd64 Components [940 B]
Get:51 http://archive.ubuntu.com/ubuntu noble-updates/multiverse amd64 c-n-f Metadata [496 B]
Get:52 http://archive.ubuntu.com/ubuntu noble-backports/main amd64 Packages [40.4 kB]
Get:53 http://archive.ubuntu.com/ubuntu noble-backports/main Translation-en [9208 B]
Get:54 http://archive.ubuntu.com/ubuntu noble-backports/main amd64 Components [7284 B]
Get:55 http://archive.ubuntu.com/ubuntu noble-backports/main amd64 c-n-f Metadata [368 B]
Get:56 http://archive.ubuntu.com/ubuntu noble-backports/universe amd64 Packages [29.5 kB]
Get:57 http://archive.ubuntu.com/ubuntu noble-backports/universe Translation-en [17.9 kB]
Get:58 http://archive.ubuntu.com/ubuntu noble-backports/universe amd64 Components [10.5 kB]
Get:59 http://archive.ubuntu.com/ubuntu noble-backports/universe amd64 c-n-f Metadata [1444 B]
Get:60 http://archive.ubuntu.com/ubuntu noble-backports/restricted amd64 Components [216 B]
Get:61 http://archive.ubuntu.com/ubuntu noble-backports/restricted amd64 c-n-f Metadata [116 B]
Get:62 http://archive.ubuntu.com/ubuntu noble-backports/multiverse amd64 Components [212 B]
Get:63 http://archive.ubuntu.com/ubuntu noble-backports/multiverse amd64 c-n-f Metadata [116 B]
Fetched 42.2 MB in 13s (3214 kB/s)
Reading package lists...
Reading package lists...
Building dependency tree...
Reading state information...
build-essential is already the newest version (12.10ubuntu1).
The following package was automatically installed and is no longer required:
  libllvm19
Use 'sudo apt autoremove' to remove it.
0 upgraded, 0 newly installed, 0 to remove and 2 not upgraded.
